This file contains any messages produced by compilers while
running configure, to aid debugging if configure makes a mistake.

It was created by pocketsphinx configure 5prealpha, which was
generated by GNU Autoconf 2.69.  Invocation command line was

  $ ./configure 

## --------- ##
## Platform. ##
## --------- ##

hostname = Dreamer-Vision
uname -m = x86_64
uname -r = 4.4.0-38-generic
uname -s = Linux
uname -v = #57~14.04.1-Ubuntu SMP Tue Sep 6 17:20:43 UTC 2016

/usr/bin/uname -p = unknown
/bin/uname -X     = unknown

/bin/arch              = unknown
/usr/bin/arch -k       = unknown
/usr/convex/getsysinfo = unknown
/usr/bin/hostinfo      = unknown
/bin/machine           = unknown
/usr/bin/oslevel       = unknown
/bin/universe          = unknown

PATH: /opt/ros/indigo/bin
PATH: /usr/local/sbin
PATH: /usr/local/bin
PATH: /usr/sbin
PATH: /usr/bin
PATH: /sbin
PATH: /bin
PATH: /usr/games
PATH: /usr/local/games


## ----------- ##
## Core tests. ##
## ----------- ##

configure:2545: checking for a BSD-compatible install
configure:2613: result: /usr/bin/install -c
configure:2624: checking whether build environment is sane
configure:2679: result: yes
configure:2830: checking for a thread-safe mkdir -p
configure:2869: result: /bin/mkdir -p
configure:2876: checking for gawk
configure:2906: result: no
configure:2876: checking for mawk
configure:2892: found /usr/bin/mawk
configure:2903: result: mawk
configure:2914: checking whether make sets $(MAKE)
configure:2936: result: yes
configure:2965: checking whether make supports nested variables
configure:2982: result: yes
configure:3106: checking build system type
configure:3120: result: x86_64-unknown-linux-gnu
configure:3140: checking host system type
configure:3153: result: x86_64-unknown-linux-gnu
configure:3221: checking for gcc
configure:3237: found /usr/bin/gcc
configure:3248: result: gcc
configure:3477: checking for C compiler version
configure:3486: gcc --version >&5
gcc (Ubuntu 4.8.4-2ubuntu1~14.04.3) 4.8.4
Copyright (C) 2013 Free Software Foundation, Inc.
This is free software; see the source for copying conditions.  There is NO
warranty; not even for MERCHANTABILITY or FITNESS FOR A PARTICULAR PURPOSE.

configure:3497: $? = 0
configure:3486: gcc -v >&5
Using built-in specs.
COLLECT_GCC=gcc
COLLECT_LTO_WRAPPER=/usr/lib/gcc/x86_64-linux-gnu/4.8/lto-wrapper
Target: x86_64-linux-gnu
Configured with: ../src/configure -v --with-pkgversion='Ubuntu 4.8.4-2ubuntu1~14.04.3' --with-bugurl=file:///usr/share/doc/gcc-4.8/README.Bugs --enable-languages=c,c++,java,go,d,fortran,objc,obj-c++ --prefix=/usr --program-suffix=-4.8 --enable-shared --enable-linker-build-id --libexecdir=/usr/lib --without-included-gettext --enable-threads=posix --with-gxx-include-dir=/usr/include/c++/4.8 --libdir=/usr/lib --enable-nls --with-sysroot=/ --enable-clocale=gnu --enable-libstdcxx-debug --enable-libstdcxx-time=yes --enable-gnu-unique-object --disable-libmudflap --enable-plugin --with-system-zlib --disable-browser-plugin --enable-java-awt=gtk --enable-gtk-cairo --with-java-home=/usr/lib/jvm/java-1.5.0-gcj-4.8-amd64/jre --enable-java-home --with-jvm-root-dir=/usr/lib/jvm/java-1.5.0-gcj-4.8-amd64 --with-jvm-jar-dir=/usr/lib/jvm-exports/java-1.5.0-gcj-4.8-amd64 --with-arch-directory=amd64 --with-ecj-jar=/usr/share/java/eclipse-ecj.jar --enable-objc-gc --enable-multiarch --disable-werror --with-arch-32=i686 --with-abi=m64 --with-multilib-list=m32,m64,mx32 --with-tune=generic --enable-checking=release --build=x86_64-linux-gnu --host=x86_64-linux-gnu --target=x86_64-linux-gnu
Thread model: posix
gcc version 4.8.4 (Ubuntu 4.8.4-2ubuntu1~14.04.3) 
configure:3497: $? = 0
configure:3486: gcc -V >&5
gcc: error: unrecognized command line option '-V'
gcc: fatal error: no input files
compilation terminated.
configure:3497: $? = 4
configure:3486: gcc -qversion >&5
gcc: error: unrecognized command line option '-qversion'
gcc: fatal error: no input files
compilation terminated.
configure:3497: $? = 4
configure:3517: checking whether the C compiler works
configure:3539: gcc -g -O2 -Wall   conftest.c  >&5
configure:3543: $? = 0
configure:3591: result: yes
configure:3594: checking for C compiler default output file name
configure:3596: result: a.out
configure:3602: checking for suffix of executables
configure:3609: gcc -o conftest -g -O2 -Wall   conftest.c  >&5
configure:3613: $? = 0
configure:3635: result: 
configure:3657: checking whether we are cross compiling
configure:3665: gcc -o conftest -g -O2 -Wall   conftest.c  >&5
configure:3669: $? = 0
configure:3676: ./conftest
configure:3680: $? = 0
configure:3695: result: no
configure:3700: checking for suffix of object files
configure:3722: gcc -c -g -O2 -Wall  conftest.c >&5
configure:3726: $? = 0
configure:3747: result: o
configure:3751: checking whether we are using the GNU C compiler
configure:3770: gcc -c -g -O2 -Wall  conftest.c >&5
configure:3770: $? = 0
configure:3779: result: yes
configure:3788: checking whether gcc accepts -g
configure:3808: gcc -c -g  conftest.c >&5
configure:3808: $? = 0
configure:3849: result: yes
configure:3866: checking for gcc option to accept ISO C89
configure:3929: gcc  -c -g -O2 -Wall  conftest.c >&5
configure:3929: $? = 0
configure:3942: result: none needed
configure:3967: checking whether gcc understands -c and -o together
configure:3989: gcc -c conftest.c -o conftest2.o
configure:3992: $? = 0
configure:3989: gcc -c conftest.c -o conftest2.o
configure:3992: $? = 0
configure:4004: result: yes
configure:4032: checking for style of include used by make
configure:4060: result: GNU
configure:4086: checking dependency style of gcc
configure:4197: result: gcc3
configure:4218: checking how to run the C preprocessor
configure:4249: gcc -E  conftest.c
configure:4249: $? = 0
configure:4263: gcc -E  conftest.c
conftest.c:9:28: fatal error: ac_nonexistent.h: No such file or directory
 #include <ac_nonexistent.h>
                            ^
compilation terminated.
configure:4263: $? = 1
configure: failed program was:
| /* confdefs.h */
| #define PACKAGE_NAME "pocketsphinx"
| #define PACKAGE_TARNAME "pocketsphinx"
| #define PACKAGE_VERSION "5prealpha"
| #define PACKAGE_STRING "pocketsphinx 5prealpha"
| #define PACKAGE_BUGREPORT ""
| #define PACKAGE_URL ""
| /* end confdefs.h.  */
| #include <ac_nonexistent.h>
configure:4288: result: gcc -E
configure:4308: gcc -E  conftest.c
configure:4308: $? = 0
configure:4322: gcc -E  conftest.c
conftest.c:9:28: fatal error: ac_nonexistent.h: No such file or directory
 #include <ac_nonexistent.h>
                            ^
compilation terminated.
configure:4322: $? = 1
configure: failed program was:
| /* confdefs.h */
| #define PACKAGE_NAME "pocketsphinx"
| #define PACKAGE_TARNAME "pocketsphinx"
| #define PACKAGE_VERSION "5prealpha"
| #define PACKAGE_STRING "pocketsphinx 5prealpha"
| #define PACKAGE_BUGREPORT ""
| #define PACKAGE_URL ""
| /* end confdefs.h.  */
| #include <ac_nonexistent.h>
configure:4351: checking for grep that handles long lines and -e
configure:4409: result: /bin/grep
configure:4414: checking for egrep
configure:4476: result: /bin/grep -E
configure:4481: checking for ANSI C header files
configure:4501: gcc -c -g -O2 -Wall  conftest.c >&5
configure:4501: $? = 0
configure:4574: gcc -o conftest -g -O2 -Wall   conftest.c  >&5
configure:4574: $? = 0
configure:4574: ./conftest
configure:4574: $? = 0
configure:4585: result: yes
configure:4598: checking for sys/types.h
configure:4598: gcc -c -g -O2 -Wall  conftest.c >&5
configure:4598: $? = 0
configure:4598: result: yes
configure:4598: checking for sys/stat.h
configure:4598: gcc -c -g -O2 -Wall  conftest.c >&5
configure:4598: $? = 0
configure:4598: result: yes
configure:4598: checking for stdlib.h
configure:4598: gcc -c -g -O2 -Wall  conftest.c >&5
configure:4598: $? = 0
configure:4598: result: yes
configure:4598: checking for string.h
configure:4598: gcc -c -g -O2 -Wall  conftest.c >&5
configure:4598: $? = 0
configure:4598: result: yes
configure:4598: checking for memory.h
configure:4598: gcc -c -g -O2 -Wall  conftest.c >&5
configure:4598: $? = 0
configure:4598: result: yes
configure:4598: checking for strings.h
configure:4598: gcc -c -g -O2 -Wall  conftest.c >&5
configure:4598: $? = 0
configure:4598: result: yes
configure:4598: checking for inttypes.h
configure:4598: gcc -c -g -O2 -Wall  conftest.c >&5
configure:4598: $? = 0
configure:4598: result: yes
configure:4598: checking for stdint.h
configure:4598: gcc -c -g -O2 -Wall  conftest.c >&5
configure:4598: $? = 0
configure:4598: result: yes
configure:4598: checking for unistd.h
configure:4598: gcc -c -g -O2 -Wall  conftest.c >&5
configure:4598: $? = 0
configure:4598: result: yes
configure:4610: checking for long long
configure:4610: gcc -c -g -O2 -Wall  conftest.c >&5
configure:4610: $? = 0
configure:4610: gcc -c -g -O2 -Wall  conftest.c >&5
conftest.c: In function 'main':
conftest.c:55:24: error: expected expression before ')' token
 if (sizeof ((long long)))
                        ^
configure:4610: $? = 1
configure: failed program was:
| /* confdefs.h */
| #define PACKAGE_NAME "pocketsphinx"
| #define PACKAGE_TARNAME "pocketsphinx"
| #define PACKAGE_VERSION "5prealpha"
| #define PACKAGE_STRING "pocketsphinx 5prealpha"
| #define PACKAGE_BUGREPORT ""
| #define PACKAGE_URL ""
| #define STDC_HEADERS 1
| #define HAVE_SYS_TYPES_H 1
| #define HAVE_SYS_STAT_H 1
| #define HAVE_STDLIB_H 1
| #define HAVE_STRING_H 1
| #define HAVE_MEMORY_H 1
| #define HAVE_STRINGS_H 1
| #define HAVE_INTTYPES_H 1
| #define HAVE_STDINT_H 1
| #define HAVE_UNISTD_H 1
| /* end confdefs.h.  */
| #include <stdio.h>
| #ifdef HAVE_SYS_TYPES_H
| # include <sys/types.h>
| #endif
| #ifdef HAVE_SYS_STAT_H
| # include <sys/stat.h>
| #endif
| #ifdef STDC_HEADERS
| # include <stdlib.h>
| # include <stddef.h>
| #else
| # ifdef HAVE_STDLIB_H
| #  include <stdlib.h>
| # endif
| #endif
| #ifdef HAVE_STRING_H
| # if !defined STDC_HEADERS && defined HAVE_MEMORY_H
| #  include <memory.h>
| # endif
| # include <string.h>
| #endif
| #ifdef HAVE_STRINGS_H
| # include <strings.h>
| #endif
| #ifdef HAVE_INTTYPES_H
| # include <inttypes.h>
| #endif
| #ifdef HAVE_STDINT_H
| # include <stdint.h>
| #endif
| #ifdef HAVE_UNISTD_H
| # include <unistd.h>
| #endif
| int
| main ()
| {
| if (sizeof ((long long)))
| 	    return 0;
|   ;
|   return 0;
| }
configure:4610: result: yes
configure:4624: checking size of long long
configure:4629: gcc -o conftest -g -O2 -Wall   conftest.c  >&5
configure:4629: $? = 0
configure:4629: ./conftest
configure:4629: $? = 0
configure:4643: result: 8
configure:4700: checking how to print strings
configure:4727: result: printf
configure:4748: checking for a sed that does not truncate output
configure:4812: result: /bin/sed
configure:4830: checking for fgrep
configure:4892: result: /bin/grep -F
configure:4927: checking for ld used by gcc
configure:4994: result: /usr/bin/ld
configure:5001: checking if the linker (/usr/bin/ld) is GNU ld
configure:5016: result: yes
configure:5028: checking for BSD- or MS-compatible name lister (nm)
configure:5077: result: /usr/bin/nm -B
configure:5207: checking the name lister (/usr/bin/nm -B) interface
configure:5214: gcc -c -g -O2 -Wall  conftest.c >&5
configure:5217: /usr/bin/nm -B "conftest.o"
configure:5220: output
0000000000000000 B some_variable
configure:5227: result: BSD nm
configure:5230: checking whether ln -s works
configure:5234: result: yes
configure:5242: checking the maximum length of command line arguments
configure:5373: result: 1572864
configure:5390: checking whether the shell understands some XSI constructs
configure:5400: result: yes
configure:5404: checking whether the shell understands "+="
configure:5410: result: yes
configure:5445: checking how to convert x86_64-unknown-linux-gnu file names to x86_64-unknown-linux-gnu format
configure:5485: result: func_convert_file_noop
configure:5492: checking how to convert x86_64-unknown-linux-gnu file names to toolchain format
configure:5512: result: func_convert_file_noop
configure:5519: checking for /usr/bin/ld option to reload object files
configure:5526: result: -r
configure:5600: checking for objdump
configure:5616: found /usr/bin/objdump
configure:5627: result: objdump
configure:5659: checking how to recognize dependent libraries
configure:5857: result: pass_all
configure:5942: checking for dlltool
configure:5972: result: no
configure:6002: checking how to associate runtime and link libraries
configure:6029: result: printf %s\n
configure:6089: checking for ar
configure:6105: found /usr/bin/ar
configure:6116: result: ar
configure:6153: checking for archiver @FILE support
configure:6170: gcc -c -g -O2 -Wall  conftest.c >&5
configure:6170: $? = 0
configure:6173: ar cru libconftest.a @conftest.lst >&5
configure:6176: $? = 0
configure:6181: ar cru libconftest.a @conftest.lst >&5
ar: conftest.o: No such file or directory
configure:6184: $? = 1
configure:6196: result: @
configure:6254: checking for strip
configure:6270: found /usr/bin/strip
configure:6281: result: strip
configure:6353: checking for ranlib
configure:6369: found /usr/bin/ranlib
configure:6380: result: ranlib
configure:6482: checking command to parse /usr/bin/nm -B output from gcc object
configure:6602: gcc -c -g -O2 -Wall  conftest.c >&5
configure:6605: $? = 0
configure:6609: /usr/bin/nm -B conftest.o \| sed -n -e 's/^.*[ ]\([ABCDGIRSTW][ABCDGIRSTW]*\)[ ][ ]*\([_A-Za-z][_A-Za-z0-9]*\)$/\1 \2 \2/p' | sed '/ __gnu_lto/d' \> conftest.nm
configure:6612: $? = 0
configure:6678: gcc -o conftest -g -O2 -Wall   conftest.c conftstm.o >&5
configure:6681: $? = 0
configure:6719: result: ok
configure:6756: checking for sysroot
configure:6786: result: no
configure:6863: gcc -c -g -O2 -Wall  conftest.c >&5
configure:6866: $? = 0
configure:7055: checking for mt
configure:7071: found /bin/mt
configure:7082: result: mt
configure:7105: checking if mt is a manifest tool
configure:7111: mt '-?'
configure:7119: result: no
configure:7758: checking for dlfcn.h
configure:7758: gcc -c -g -O2 -Wall  conftest.c >&5
configure:7758: $? = 0
configure:7758: result: yes
configure:7964: checking for objdir
configure:7979: result: .libs
configure:8250: checking if gcc supports -fno-rtti -fno-exceptions
configure:8268: gcc -c -g -O2 -Wall  -fno-rtti -fno-exceptions conftest.c >&5
cc1: warning: command line option '-fno-rtti' is valid for C++/ObjC++ but not for C [enabled by default]
configure:8272: $? = 0
configure:8285: result: no
configure:8612: checking for gcc option to produce PIC
configure:8619: result: -fPIC -DPIC
configure:8627: checking if gcc PIC flag -fPIC -DPIC works
configure:8645: gcc -c -g -O2 -Wall  -fPIC -DPIC -DPIC conftest.c >&5
configure:8649: $? = 0
configure:8662: result: yes
configure:8691: checking if gcc static flag -static works
configure:8719: result: yes
configure:8734: checking if gcc supports -c -o file.o
configure:8755: gcc -c -g -O2 -Wall  -o out/conftest2.o conftest.c >&5
configure:8759: $? = 0
configure:8781: result: yes
configure:8789: checking if gcc supports -c -o file.o
configure:8836: result: yes
configure:8869: checking whether the gcc linker (/usr/bin/ld -m elf_x86_64) supports shared libraries
configure:10026: result: yes
configure:10063: checking whether -lc should be explicitly linked in
configure:10071: gcc -c -g -O2 -Wall  conftest.c >&5
configure:10074: $? = 0
configure:10089: gcc -shared  -fPIC -DPIC conftest.o  -v -Wl,-soname -Wl,conftest -o conftest 2\>\&1 \| /bin/grep  -lc  \>/dev/null 2\>\&1
configure:10092: $? = 0
configure:10106: result: no
configure:10266: checking dynamic linker characteristics
configure:10766: gcc -o conftest -g -O2 -Wall   -Wl,-rpath -Wl,/foo conftest.c  >&5
configure:10766: $? = 0
configure:11000: result: GNU/Linux ld.so
configure:11107: checking how to hardcode library paths into programs
configure:11132: result: immediate
configure:11672: checking whether stripping libraries is possible
configure:11677: result: yes
configure:11712: checking if libtool supports shared libraries
configure:11714: result: yes
configure:11717: checking whether to build shared libraries
configure:11738: result: yes
configure:11741: checking whether to build static libraries
configure:11745: result: yes
configure:11785: checking for pkg-config
configure:11801: found /usr/bin/pkg-config
configure:11813: result: yes
configure:11824: checking for doxygen
configure:11852: result: no
configure:11912: checking for a Python interpreter with version >= 2.6
configure:11929: python -c import sys # split strings by '.' and convert to numeric. Append some zeros # because we need at least 4 digits for the hex conversion. # map returns an iterator in Python 3.0 and a list in 2.x minver = list(map(int, '2.6'.split('.'))) + [0, 0, 0] minverhex = 0 # xrange is not present in Python 3.0 and range returns an iterator for i in list(range(0, 4)): minverhex = (minverhex << 8) + minver[i] sys.exit(sys.hexversion < minverhex)
configure:11932: $? = 0
configure:11938: result: python
configure:11946: checking for python
configure:11964: found /usr/bin/python
configure:11976: result: /usr/bin/python
configure:11994: checking for python version
configure:12001: result: 2.7
configure:12013: checking for python platform
configure:12020: result: linux2
configure:12046: checking for python script directory
configure:12081: result: ${prefix}/lib/python2.7/dist-packages
configure:12090: checking for python extension module directory
configure:12125: result: ${exec_prefix}/lib/python2.7/dist-packages
configure:12146: checking for python2.7
configure:12176: result: /usr/bin/python
configure:12192: checking for a version of Python >= '2.1.0'
configure:12218: result: yes
configure:12249: checking for the distutils Python package
configure:12253: result: yes
configure:12267: checking for Python include path
configure:12283: result: -I/usr/include/python2.7
configure:12290: checking for Python library path
configure:12367: result: -L/usr/lib -lpython2.7
configure:12374: checking for Python site-packages path
configure:12380: result: /usr/lib/python2.7/dist-packages
configure:12387: checking python extra libraries
configure:12394: result: -lpthread -ldl  -lutil -lm
configure:12401: checking python extra linking flags
configure:12408: result: -Xlinker -export-dynamic -Wl,-O1 -Wl,-Bsymbolic-functions
configure:12415: checking consistency of all components of python development environment
configure:12441: gcc -o conftest -g -O2 -Wall  -I/usr/include/python2.7  conftest.c  -L/usr/lib -lpython2.7 -Xlinker -export-dynamic -Wl,-O1 -Wl,-Bsymbolic-functions -lpthread -ldl  -lutil -lm >&5
configure:12441: $? = 0
configure:12458: result: yes
configure:12489: checking for swig
configure:12507: found /usr/bin/swig
configure:12519: result: /usr/bin/swig
configure:12533: checking SWIG version
configure:12536: result: 2.0.11
configure:12585: checking for SWIG library
configure:12588: result: /usr/share/swig2.0
configure:12664: checking for pkg-config
configure:12682: found /usr/bin/pkg-config
configure:12694: result: /usr/bin/pkg-config
configure:12719: checking pkg-config is at least version 0.9.0
configure:12722: result: yes
configure:12733: checking for GStreamer
configure:12743: $PKG_CONFIG --exists --print-errors "gstreamer-$GST_MAJORMINOR >= 1.0
		       gstreamer-base-$GST_MAJORMINOR >= 1.0
		       gstreamer-plugins-base-$GST_MAJORMINOR >= 1.0"
Package gstreamer-1.0 was not found in the pkg-config search path.
Perhaps you should add the directory containing `gstreamer-1.0.pc'
to the PKG_CONFIG_PATH environment variable
No package 'gstreamer-1.0' found
Package gstreamer-base-1.0 was not found in the pkg-config search path.
Perhaps you should add the directory containing `gstreamer-base-1.0.pc'
to the PKG_CONFIG_PATH environment variable
No package 'gstreamer-base-1.0' found
Package gstreamer-plugins-base-1.0 was not found in the pkg-config search path.
Perhaps you should add the directory containing `gstreamer-plugins-base-1.0.pc'
to the PKG_CONFIG_PATH environment variable
No package 'gstreamer-plugins-base-1.0' found
configure:12748: $? = 1
configure:12767: $PKG_CONFIG --exists --print-errors "gstreamer-$GST_MAJORMINOR >= 1.0
		       gstreamer-base-$GST_MAJORMINOR >= 1.0
		       gstreamer-plugins-base-$GST_MAJORMINOR >= 1.0"
Package gstreamer-1.0 was not found in the pkg-config search path.
Perhaps you should add the directory containing `gstreamer-1.0.pc'
to the PKG_CONFIG_PATH environment variable
No package 'gstreamer-1.0' found
Package gstreamer-base-1.0 was not found in the pkg-config search path.
Perhaps you should add the directory containing `gstreamer-base-1.0.pc'
to the PKG_CONFIG_PATH environment variable
No package 'gstreamer-base-1.0' found
Package gstreamer-plugins-base-1.0 was not found in the pkg-config search path.
Perhaps you should add the directory containing `gstreamer-plugins-base-1.0.pc'
to the PKG_CONFIG_PATH environment variable
No package 'gstreamer-plugins-base-1.0' found
configure:12772: $? = 1
No package 'gstreamer-1.0' found
No package 'gstreamer-base-1.0' found
No package 'gstreamer-plugins-base-1.0' found
configure:12806: result: no
configure:12866: checking for sphinxbase in /home/travis/catkin_ws/src/hri_class/speech/pocketsphinx/../sphinxbase
configure:12870: result: yes
configure:13110: checking that generated files are newer than configure
configure:13116: result: done
configure:13151: creating ./config.status

## ---------------------- ##
## Running config.status. ##
## ---------------------- ##

This file was extended by pocketsphinx config.status 5prealpha, which was
generated by GNU Autoconf 2.69.  Invocation command line was

  CONFIG_FILES    = 
  CONFIG_HEADERS  = 
  CONFIG_LINKS    = 
  CONFIG_COMMANDS = 
  $ ./config.status 

on Dreamer-Vision

config.status:1134: creating pocketsphinx.pc
config.status:1134: creating Makefile
config.status:1134: creating include/Makefile
config.status:1134: creating src/Makefile
config.status:1134: creating swig/Makefile
config.status:1134: creating swig/python/Makefile
config.status:1134: creating swig/python/test/Makefile
config.status:1134: creating src/libpocketsphinx/Makefile
config.status:1134: creating src/programs/Makefile
config.status:1134: creating src/gst-plugin/Makefile
config.status:1134: creating doc/Makefile
config.status:1134: creating doc/doxyfile
config.status:1134: creating model/Makefile
config.status:1134: creating test/Makefile
config.status:1134: creating test/testfuncs.sh
config.status:1134: creating test/unit/Makefile
config.status:1134: creating test/regression/Makefile
config.status:1134: creating include/config.h
config.status:1315: include/config.h is unchanged
config.status:1363: executing depfiles commands
config.status:1363: executing libtool commands

## ---------------- ##
## Cache variables. ##
## ---------------- ##

ac_cv_build=x86_64-unknown-linux-gnu
ac_cv_c_compiler_gnu=yes
ac_cv_env_CC_set=
ac_cv_env_CC_value=
ac_cv_env_CFLAGS_set=
ac_cv_env_CFLAGS_value=
ac_cv_env_CPPFLAGS_set=
ac_cv_env_CPPFLAGS_value=
ac_cv_env_CPP_set=
ac_cv_env_CPP_value=
ac_cv_env_GStreamer_CFLAGS_set=
ac_cv_env_GStreamer_CFLAGS_value=
ac_cv_env_GStreamer_LIBS_set=
ac_cv_env_GStreamer_LIBS_value=
ac_cv_env_LDFLAGS_set=
ac_cv_env_LDFLAGS_value=
ac_cv_env_LIBS_set=
ac_cv_env_LIBS_value=
ac_cv_env_PKG_CONFIG_set=
ac_cv_env_PKG_CONFIG_value=
ac_cv_env_PYTHON_VERSION_set=
ac_cv_env_PYTHON_VERSION_value=
ac_cv_env_PYTHON_set=
ac_cv_env_PYTHON_value=
ac_cv_env_SPHINXBASE_CFLAGS_set=
ac_cv_env_SPHINXBASE_CFLAGS_value=
ac_cv_env_SPHINXBASE_LIBS_set=
ac_cv_env_SPHINXBASE_LIBS_value=
ac_cv_env_build_alias_set=
ac_cv_env_build_alias_value=
ac_cv_env_host_alias_set=
ac_cv_env_host_alias_value=
ac_cv_env_target_alias_set=
ac_cv_env_target_alias_value=
ac_cv_header_dlfcn_h=yes
ac_cv_header_inttypes_h=yes
ac_cv_header_memory_h=yes
ac_cv_header_stdc=yes
ac_cv_header_stdint_h=yes
ac_cv_header_stdlib_h=yes
ac_cv_header_string_h=yes
ac_cv_header_strings_h=yes
ac_cv_header_sys_stat_h=yes
ac_cv_header_sys_types_h=yes
ac_cv_header_unistd_h=yes
ac_cv_host=x86_64-unknown-linux-gnu
ac_cv_objext=o
ac_cv_path_EGREP='/bin/grep -E'
ac_cv_path_FGREP='/bin/grep -F'
ac_cv_path_GREP=/bin/grep
ac_cv_path_PYTHON=/usr/bin/python
ac_cv_path_SED=/bin/sed
ac_cv_path_SWIG=/usr/bin/swig
ac_cv_path_ac_pt_PKG_CONFIG=/usr/bin/pkg-config
ac_cv_path_install='/usr/bin/install -c'
ac_cv_path_mkdir=/bin/mkdir
ac_cv_prog_AWK=mawk
ac_cv_prog_CPP='gcc -E'
ac_cv_prog_HAVE_DOXYGEN=no
ac_cv_prog_HAVE_PKGCONFIG=yes
ac_cv_prog_ac_ct_AR=ar
ac_cv_prog_ac_ct_CC=gcc
ac_cv_prog_ac_ct_MANIFEST_TOOL=mt
ac_cv_prog_ac_ct_OBJDUMP=objdump
ac_cv_prog_ac_ct_RANLIB=ranlib
ac_cv_prog_ac_ct_STRIP=strip
ac_cv_prog_cc_c89=
ac_cv_prog_cc_g=yes
ac_cv_prog_make_make_set=yes
ac_cv_sizeof_long_long=8
ac_cv_type_long_long=yes
am_cv_CC_dependencies_compiler_type=gcc3
am_cv_make_support_nested_variables=yes
am_cv_pathless_PYTHON=python
am_cv_prog_cc_c_o=yes
am_cv_python_platform=linux2
am_cv_python_pyexecdir='${exec_prefix}/lib/python2.7/dist-packages'
am_cv_python_pythondir='${prefix}/lib/python2.7/dist-packages'
am_cv_python_version=2.7
lt_cv_ar_at_file=@
lt_cv_archive_cmds_need_lc=no
lt_cv_deplibs_check_method=pass_all
lt_cv_file_magic_cmd='$MAGIC_CMD'
lt_cv_file_magic_test_file=
lt_cv_ld_reload_flag=-r
lt_cv_nm_interface='BSD nm'
lt_cv_objdir=.libs
lt_cv_path_LD=/usr/bin/ld
lt_cv_path_NM='/usr/bin/nm -B'
lt_cv_path_mainfest_tool=no
lt_cv_prog_compiler_c_o=yes
lt_cv_prog_compiler_pic='-fPIC -DPIC'
lt_cv_prog_compiler_pic_works=yes
lt_cv_prog_compiler_rtti_exceptions=no
lt_cv_prog_compiler_static_works=yes
lt_cv_prog_gnu_ld=yes
lt_cv_sharedlib_from_linklib_cmd='printf %s\n'
lt_cv_shlibpath_overrides_runpath=no
lt_cv_sys_global_symbol_pipe='sed -n -e '\''s/^.*[	 ]\([ABCDGIRSTW][ABCDGIRSTW]*\)[	 ][	 ]*\([_A-Za-z][_A-Za-z0-9]*\)$/\1 \2 \2/p'\'' | sed '\''/ __gnu_lto/d'\'''
lt_cv_sys_global_symbol_to_c_name_address='sed -n -e '\''s/^: \([^ ]*\)[ ]*$/  {\"\1\", (void *) 0},/p'\'' -e '\''s/^[ABCDGIRSTW]* \([^ ]*\) \([^ ]*\)$/  {"\2", (void *) \&\2},/p'\'''
lt_cv_sys_global_symbol_to_c_name_address_lib_prefix='sed -n -e '\''s/^: \([^ ]*\)[ ]*$/  {\"\1\", (void *) 0},/p'\'' -e '\''s/^[ABCDGIRSTW]* \([^ ]*\) \(lib[^ ]*\)$/  {"\2", (void *) \&\2},/p'\'' -e '\''s/^[ABCDGIRSTW]* \([^ ]*\) \([^ ]*\)$/  {"lib\2", (void *) \&\2},/p'\'''
lt_cv_sys_global_symbol_to_cdecl='sed -n -e '\''s/^T .* \(.*\)$/extern int \1();/p'\'' -e '\''s/^[ABCDGIRSTW]* .* \(.*\)$/extern char \1;/p'\'''
lt_cv_sys_max_cmd_len=1572864
lt_cv_to_host_file_cmd=func_convert_file_noop
lt_cv_to_tool_file_cmd=func_convert_file_noop

## ----------------- ##
## Output variables. ##
## ----------------- ##

ACLOCAL='${SHELL} /home/travis/catkin_ws/src/hri_class/speech/pocketsphinx/missing aclocal-1.14'
AMDEPBACKSLASH='\'
AMDEP_FALSE='#'
AMDEP_TRUE=''
AMTAR='$${TAR-tar}'
AM_BACKSLASH='\'
AM_DEFAULT_V='$(AM_DEFAULT_VERBOSITY)'
AM_DEFAULT_VERBOSITY='1'
AM_V='$(V)'
AR='ar'
AUTOCONF='${SHELL} /home/travis/catkin_ws/src/hri_class/speech/pocketsphinx/missing autoconf'
AUTOHEADER='${SHELL} /home/travis/catkin_ws/src/hri_class/speech/pocketsphinx/missing autoheader'
AUTOMAKE='${SHELL} /home/travis/catkin_ws/src/hri_class/speech/pocketsphinx/missing automake-1.14'
AWK='mawk'
BUILD_DOXYGEN_FALSE=''
BUILD_DOXYGEN_TRUE='#'
BUILD_GST_FALSE=''
BUILD_GST_TRUE='#'
BUILD_SWIG_FALSE='#'
BUILD_SWIG_TRUE=''
CC='gcc'
CCDEPMODE='depmode=gcc3'
CFLAGS='-g -O2 -Wall'
CPP='gcc -E'
CPPFLAGS=' -I/home/travis/catkin_ws/src/hri_class/speech/pocketsphinx/../sphinxbase/include -I/home/travis/catkin_ws/src/hri_class/speech/pocketsphinx/../sphinxbase/include/sphinxbase'
CYGPATH_W='echo'
DEFS='-DHAVE_CONFIG_H'
DEPDIR='.deps'
DLLTOOL='false'
DSYMUTIL=''
DUMPBIN=''
ECHO_C=''
ECHO_N='-n'
ECHO_T=''
EGREP='/bin/grep -E'
EXEEXT=''
FGREP='/bin/grep -F'
GREP='/bin/grep'
GST_CFLAGS=' '
GST_LIBS=''
GST_MAJORMINOR='1.0'
GST_PLUGIN_LDFLAGS='-module -avoid-version -export-symbols-regex _*\(gst_\|Gst\|GST_\).*'
GStreamer_CFLAGS=''
GStreamer_LIBS=''
HAVE_DOXYGEN='no'
HAVE_PKGCONFIG='yes'
INSTALL_DATA='${INSTALL} -m 644'
INSTALL_PROGRAM='${INSTALL}'
INSTALL_SCRIPT='${INSTALL}'
INSTALL_STRIP_PROGRAM='$(install_sh) -c -s'
LD='/usr/bin/ld -m elf_x86_64'
LDFLAGS=' -L/home/travis/catkin_ws/src/hri_class/speech/pocketsphinx/../sphinxbase/lib -L/home/travis/catkin_ws/src/hri_class/speech/pocketsphinx/../sphinxbase/src/libsphinxad -L/home/travis/catkin_ws/src/hri_class/speech/pocketsphinx/../sphinxbase/src/libsphinxbase'
LIBOBJS=''
LIBS=' -lsphinxbase'
LIBTOOL='$(SHELL) $(top_builddir)/libtool'
LIPO=''
LN_S='ln -s'
LTLIBOBJS=''
MAKEINFO='${SHELL} /home/travis/catkin_ws/src/hri_class/speech/pocketsphinx/missing makeinfo'
MANIFEST_TOOL=':'
MKDIR_P='/bin/mkdir -p'
NM='/usr/bin/nm -B'
NMEDIT=''
OBJDUMP='objdump'
OBJEXT='o'
OTOOL64=''
OTOOL=''
PACKAGE='pocketsphinx'
PACKAGE_BUGREPORT=''
PACKAGE_NAME='pocketsphinx'
PACKAGE_STRING='pocketsphinx 5prealpha'
PACKAGE_TARNAME='pocketsphinx'
PACKAGE_URL=''
PACKAGE_VERSION='5prealpha'
PATH_SEPARATOR=':'
PKG_CONFIG='/usr/bin/pkg-config'
PYTHON='/usr/bin/python'
PYTHON_CPPFLAGS='-I/usr/include/python2.7'
PYTHON_EXEC_PREFIX='${exec_prefix}'
PYTHON_EXTRA_LDFLAGS='-Xlinker -export-dynamic -Wl,-O1 -Wl,-Bsymbolic-functions'
PYTHON_EXTRA_LIBS='-lpthread -ldl  -lutil -lm'
PYTHON_LDFLAGS='-L/usr/lib -lpython2.7'
PYTHON_PLATFORM='linux2'
PYTHON_PREFIX='${prefix}'
PYTHON_SITE_PKG='/usr/lib/python2.7/dist-packages'
PYTHON_VERSION='2.7'
RANLIB='ranlib'
SED='/bin/sed'
SET_MAKE=''
SHELL='/bin/bash'
SPHINXBASE_CFLAGS=''
SPHINXBASE_LIBS=''
SPHINXBASE_SWIG='/home/travis/catkin_ws/src/hri_class/speech/pocketsphinx/../sphinxbase/swig'
STRIP='strip'
SWIG='/usr/bin/swig'
SWIG_LIB='/usr/share/swig2.0'
VERSION='5prealpha'
ac_ct_AR='ar'
ac_ct_CC='gcc'
ac_ct_DUMPBIN=''
am__EXEEXT_FALSE=''
am__EXEEXT_TRUE='#'
am__fastdepCC_FALSE='#'
am__fastdepCC_TRUE=''
am__include='include'
am__isrc=''
am__leading_dot='.'
am__nodep='_no'
am__quote=''
am__tar='$${TAR-tar} chof - "$$tardir"'
am__untar='$${TAR-tar} xf -'
bindir='${exec_prefix}/bin'
build='x86_64-unknown-linux-gnu'
build_alias=''
build_cpu='x86_64'
build_os='linux-gnu'
build_vendor='unknown'
datadir='${datarootdir}'
datarootdir='${prefix}/share'
docdir='${datarootdir}/doc/${PACKAGE_TARNAME}'
dvidir='${docdir}'
exec_prefix='${prefix}'
host='x86_64-unknown-linux-gnu'
host_alias=''
host_cpu='x86_64'
host_os='linux-gnu'
host_vendor='unknown'
htmldir='${docdir}'
includedir='${prefix}/include'
infodir='${datarootdir}/info'
install_sh='${SHELL} /home/travis/catkin_ws/src/hri_class/speech/pocketsphinx/install-sh'
libdir='${exec_prefix}/lib'
libexecdir='${exec_prefix}/libexec'
localedir='${datarootdir}/locale'
localstatedir='${prefix}/var'
mandir='${datarootdir}/man'
mkdir_p='$(MKDIR_P)'
oldincludedir='/usr/include'
pdfdir='${docdir}'
pkgpyexecdir='${pyexecdir}/pocketsphinx'
pkgpythondir='${pythondir}/pocketsphinx'
plugindir='$(libdir)/gstreamer-1.0'
prefix='/usr/local'
program_transform_name='s,x,x,'
psdir='${docdir}'
pyexecdir='${exec_prefix}/lib/python2.7/dist-packages'
pythondir='${prefix}/lib/python2.7/dist-packages'
sbindir='${exec_prefix}/sbin'
sharedstatedir='${prefix}/com'
sysconfdir='${prefix}/etc'
target_alias=''

## ----------- ##
## confdefs.h. ##
## ----------- ##

/* confdefs.h */
#define PACKAGE_NAME "pocketsphinx"
#define PACKAGE_TARNAME "pocketsphinx"
#define PACKAGE_VERSION "5prealpha"
#define PACKAGE_STRING "pocketsphinx 5prealpha"
#define PACKAGE_BUGREPORT ""
#define PACKAGE_URL ""
#define STDC_HEADERS 1
#define HAVE_SYS_TYPES_H 1
#define HAVE_SYS_STAT_H 1
#define HAVE_STDLIB_H 1
#define HAVE_STRING_H 1
#define HAVE_MEMORY_H 1
#define HAVE_STRINGS_H 1
#define HAVE_INTTYPES_H 1
#define HAVE_STDINT_H 1
#define HAVE_UNISTD_H 1
#define HAVE_LONG_LONG 1
#define SIZEOF_LONG_LONG 8
#define HAVE_DLFCN_H 1
#define LT_OBJDIR ".libs/"
#define HAVE_PYTHON "2.7"

configure: exit 0

## ---------------------- ##
## Running config.status. ##
## ---------------------- ##

This file was extended by pocketsphinx config.status 5prealpha, which was
generated by GNU Autoconf 2.69.  Invocation command line was

  CONFIG_FILES    = 
  CONFIG_HEADERS  = 
  CONFIG_LINKS    = 
  CONFIG_COMMANDS = 
  $ ./config.status include/config.h

on Dreamer-Vision

config.status:1134: creating include/config.h
config.status:1315: include/config.h is unchanged
